<?xml version="1.0" encoding="UTF-8"?>
<!-- Generated by org.testng.reporters.JUnitXMLReporter -->
<testsuite hostname="lee-PC" name="Test" tests="29" failures="0" timestamp="14 Jan 2016 23:51:06 GMT" time="197.209" errors="0">
  <testcase name="loginFail" time="12.544" classname="Tests.ATT_LoginTest"/>
  <testcase name="loginSuccessFully" time="16.957" classname="Tests.ATT_LoginTest"/>
  <testcase name="testATTHambugerMenu" time="1.033" classname="Tests.ATT_HomePageTest"/>
  <testcase name="testATTHomePageHeadline" time="0.111" classname="Tests.ATT_HomePageTest"/>
  <testcase name="testATTHambuger_menuDevices" time="1.117" classname="Tests.ATT_HamburgerMenuPageTest"/>
  <testcase name="testATTHambuger_menuDigitalLifeTour" time="0.165" classname="Tests.ATT_HamburgerMenuPageTest"/>
  <testcase name="testATTHambuger_menuHome" time="0.155" classname="Tests.ATT_HamburgerMenuPageTest"/>
  <testcase name="testATTHambuger_menuLegal" time="0.236" classname="Tests.ATT_HamburgerMenuPageTest"/>
  <testcase name="testATTHambuger_menuMyaccount" time="0.158" classname="Tests.ATT_HamburgerMenuPageTest"/>
  <testcase name="testATTHambuger_menuOtherservicesdevices" time="0.214" classname="Tests.ATT_HamburgerMenuPageTest"/>
  <testcase name="testATTHambuger_menuPrograms" time="0.151" classname="Tests.ATT_HamburgerMenuPageTest"/>
  <testcase name="testATTHambuger_menuREPORTEMERGENCY" time="0.514" classname="Tests.ATT_HamburgerMenuPageTest"/>
  <testcase name="testATTHambuger_menuSignout" time="0.54" classname="Tests.ATT_HamburgerMenuPageTest"/>
  <testcase name="testATTHambuger_menuSolutioncenter" time="0.486" classname="Tests.ATT_HamburgerMenuPageTest"/>
  <testcase name="testATTHambuger_menuSystemsettings" time="0.205" classname="Tests.ATT_HamburgerMenuPageTest"/>
  <testcase name="testATT_DevicesPage_Tab1_checkonly" time="2.791" classname="Tests.ATT_DevicesPageTest"/>
  <testcase name="testATT_DevicesPage_Tab1_selectcheck" time="3.802" classname="Tests.ATT_DevicesPageTest"/>
  <testcase name="testATT_DevicesPage_Tab2_checkonly" time="0.635" classname="Tests.ATT_DevicesPageTest"/>
  <testcase name="testATT_DevicesPage_Tab2_selectcheck" time="1.324" classname="Tests.ATT_DevicesPageTest"/>
  <testcase name="testATT_DevicesPage_Tab3_checkonly" time="0.341" classname="Tests.ATT_DevicesPageTest"/>
  <testcase name="testATT_DevicesPage_Tab3_selectcheck" time="1.396" classname="Tests.ATT_DevicesPageTest"/>
  <testcase name="testATT_DevicesPage_Tab4_checkonly" time="0.478" classname="Tests.ATT_DevicesPageTest"/>
  <testcase name="testATT_DevicesPage_Tab4_selectcheck" time="1.555" classname="Tests.ATT_DevicesPageTest"/>
  <testcase name="ATT_SystemSettingsPage_Tab1_checkonly" time="10.416" classname="Tests.ATT_SystemSettingsPageTest"/>
  <testcase name="ATT_SystemSettingsPage_Tab2_checkonly" time="0.642" classname="Tests.ATT_SystemSettingsPageTest"/>
  <testcase name="ATT_SystemSettingsPage_Tab3_checkonly" time="0.635" classname="Tests.ATT_SystemSettingsPageTest"/>
  <testcase name="testATT_DevicesPage_Tab1_selectcheck" time="4.005" classname="Tests.ATT_SystemSettingsPageTest"/>
  <testcase name="testATT_SystemSettingsPage_Tab2_selectcheck" time="1.852" classname="Tests.ATT_SystemSettingsPageTest"/>
  <testcase name="testATT_SystemSettingsPage_Tab3_selectcheck" time="1.171" classname="Tests.ATT_SystemSettingsPageTest"/>
</testsuite> <!-- Test -->
