<?xml version="1.0" encoding="UTF-8"?>
<testng-results skipped="0" failed="0" total="1" passed="1">
  <reporter-output>
  </reporter-output>
  <suite name="Suite" duration-ms="26716" started-at="2016-01-15T00:19:58Z" finished-at="2016-01-15T00:20:25Z">
    <groups>
    </groups>
    <test name="Test" duration-ms="26716" started-at="2016-01-15T00:19:58Z" finished-at="2016-01-15T00:20:25Z">
      <class name="Tests.ATT_LoginTest">
        <test-method status="PASS" signature="setUpAppium()[pri:0, instance:Tests.ATT_LoginTest@5f2050f6]" name="setUpAppium" is-config="true" duration-ms="782" started-at="2016-01-14T19:19:57Z" finished-at="2016-01-14T19:19:58Z">
          <reporter-output>
          </reporter-output>
        </test-method> <!-- setUpAppium -->
        <test-method status="PASS" signature="setUpPage()[pri:0, instance:Tests.ATT_LoginTest@5f2050f6]" name="setUpPage" is-config="true" duration-ms="277" started-at="2016-01-14T19:19:58Z" finished-at="2016-01-14T19:19:58Z">
          <reporter-output>
          </reporter-output>
        </test-method> <!-- setUpPage -->
        <test-method status="PASS" signature="navigateTo()[pri:0, instance:Tests.ATT_LoginTest@5f2050f6]" name="navigateTo" is-config="true" duration-ms="519" started-at="2016-01-14T19:19:58Z" finished-at="2016-01-14T19:19:59Z">
          <reporter-output>
          </reporter-output>
        </test-method> <!-- navigateTo -->
        <test-method status="PASS" signature="loginSuccessFully()[pri:0, instance:Tests.ATT_LoginTest@5f2050f6]" name="loginSuccessFully" duration-ms="18186" started-at="2016-01-14T19:19:59Z" finished-at="2016-01-14T19:20:17Z">
          <reporter-output>
          </reporter-output>
        </test-method> <!-- loginSuccessFully -->
        <test-method status="PASS" signature="logOut()[pri:0, instance:Tests.ATT_LoginTest@5f2050f6]" name="logOut" is-config="true" duration-ms="2541" started-at="2016-01-14T19:20:17Z" finished-at="2016-01-14T19:20:20Z">
          <reporter-output>
          </reporter-output>
        </test-method> <!-- logOut -->
        <test-method status="PASS" signature="restartApp()[pri:0, instance:Tests.ATT_LoginTest@5f2050f6]" name="restartApp" is-config="true" duration-ms="5177" started-at="2016-01-14T19:20:20Z" finished-at="2016-01-14T19:20:25Z">
          <reporter-output>
          </reporter-output>
        </test-method> <!-- restartApp -->
        <test-method status="PASS" signature="tearDownAppium()[pri:0, instance:Tests.ATT_LoginTest@5f2050f6]" name="tearDownAppium" is-config="true" duration-ms="1108" started-at="2016-01-14T19:20:25Z" finished-at="2016-01-14T19:20:26Z">
          <reporter-output>
          </reporter-output>
        </test-method> <!-- tearDownAppium -->
      </class> <!-- Tests.ATT_LoginTest -->
    </test> <!-- Test -->
  </suite> <!-- Suite -->
</testng-results>
